<?xml version="1.0" encoding="UTF-8"?>
<!-- Generated by org.testng.reporters.JUnitReportReporter -->
<testsuite hostname="DESKTOP-P1OSIHU" failures="0" tests="3" name="com.hackerrank.qa.testcases.ProfilePageTest" time="202.768" errors="0" timestamp="21 May 2021 10:07:24 GMT">
  <testcase classname="com.hackerrank.qa.testcases.ProfilePageTest" name="FillIntro" time="59.050"/>
  <testcase classname="com.hackerrank.qa.testcases.ProfilePageTest" name="FillIntro" time="67.205"/>
  <testcase classname="com.hackerrank.qa.testcases.ProfilePageTest" name="FillIntro" time="76.513"/>
</testsuite> <!-- com.hackerrank.qa.testcases.ProfilePageTest -->
