<?xml version="1.0" encoding="UTF-8"?>
<!-- Generated by org.testng.reporters.JUnitReportReporter -->
<testsuite hostname="DESKTOP-P1OSIHU" failures="0" tests="1" name="com.hackerrank.qa.testcases.JobsPageTest" time="50.145" errors="0" timestamp="20 May 2021 07:51:46 GMT">
  <testcase classname="com.hackerrank.qa.testcases.JobsPageTest" name="ChangeLocation" time="50.145"/>
</testsuite> <!-- com.hackerrank.qa.testcases.JobsPageTest -->
