<?xml version="1.0" encoding="UTF-8"?>
<!-- Generated by org.testng.reporters.JUnitReportReporter -->
<testsuite hostname="DESKTOP-P1OSIHU" failures="0" tests="1" name="com.hackerrank.qa.testcases.LoginPageTest" time="18.272" errors="0" timestamp="21 May 2021 13:22:31 GMT">
  <testcase classname="com.hackerrank.qa.testcases.LoginPageTest" name="loginTest" time="18.272"/>
</testsuite> <!-- com.hackerrank.qa.testcases.LoginPageTest -->
